2018-09-19 17:34:26.4532  INFO Request starting HTTP/1.1 GET http://localhost:65315/  
2018-09-19 17:34:26.4782  INFO Request starting HTTP/1.1 DEBUG http://localhost:65315/  0
2018-09-19 17:34:26.5922  INFO Request finished in 231.3413ms 200 
2018-09-19 17:34:26.9385  INFO Executing action method CoreWebApp.Controllers.HomeController.Index (CoreWebApp) with arguments ((null)) - ModelState is Valid
2018-09-19 17:34:26.9544  INFO info：你访问了首页
2018-09-19 17:34:27.0163  WARN warn：警告信息
2018-09-19 17:34:27.0527  ERROR error：错误信息
2018-09-19 17:34:30.3489  INFO Executing ViewResult, running view at path /Views/Home/Index.cshtml.
2018-09-19 17:34:30.8612  INFO Executed action CoreWebApp.Controllers.HomeController.Index (CoreWebApp) in 4004.9762ms
2018-09-19 17:34:30.9102  INFO Request starting HTTP/1.1 GET http://localhost:65315/css/site.css  
2018-09-19 17:34:30.9402  INFO Request finished in 4546.656ms 200 text/html; charset=utf-8
2018-09-19 17:34:30.9591  INFO Request starting HTTP/1.1 GET http://localhost:65315/lib/bootstrap/dist/css/bootstrap.css  
2018-09-19 17:34:31.0003  INFO Request starting HTTP/1.1 GET http://localhost:65315/images/banner1.svg  
2018-09-19 17:34:31.0721  INFO The file /css/site.css was not modified
2018-09-19 17:34:31.1027  INFO The file /lib/bootstrap/dist/css/bootstrap.css was not modified
2018-09-19 17:34:31.1027  INFO The file /images/banner1.svg was not modified
2018-09-19 17:34:31.1693  INFO Request starting HTTP/1.1 GET http://localhost:65315/lib/bootstrap/dist/js/bootstrap.js  
2018-09-19 17:34:31.1693  INFO Request finished in 227.5358ms 304 text/css
2018-09-19 17:34:31.2211  INFO Request finished in 285.6013ms 304 text/css
2018-09-19 17:34:31.2607  INFO Request starting HTTP/1.1 GET http://localhost:65315/js/site.js?v=ji3-IxbEzYWjzzLCGkF1KDjrT2jLbbrSYXw-AhMPNIA  
2018-09-19 17:34:31.2607  INFO The file /lib/bootstrap/dist/js/bootstrap.js was not modified
2018-09-19 17:34:31.2868  INFO The file /js/site.js was not modified
2018-09-19 17:34:31.3006  INFO Request finished in 297.5613ms 304 image/svg+xml
2018-09-19 17:34:31.3151  INFO Request finished in 186.0693ms 304 application/javascript
2018-09-19 17:34:31.3400  INFO Request starting HTTP/1.1 GET http://localhost:65315/images/banner3.svg  
2018-09-19 17:34:31.3549  INFO Request starting HTTP/1.1 GET http://localhost:65315/lib/bootstrap/dist/fonts/glyphicons-halflings-regular.woff2  
2018-09-19 17:34:31.4271  INFO Request starting HTTP/1.1 GET http://localhost:65315/images/banner4.svg  
2018-09-19 17:34:31.5440  INFO Request finished in 67.1114ms 304 application/javascript
2018-09-19 17:34:31.5739  INFO The file /lib/bootstrap/dist/fonts/glyphicons-halflings-regular.woff2 was not modified
2018-09-19 17:34:31.6323  INFO The file /images/banner3.svg was not modified
2018-09-19 17:34:31.6571  INFO The file /images/banner4.svg was not modified
2018-09-19 17:34:31.6751  INFO Request starting HTTP/1.1 GET http://localhost:65315/images/banner2.svg  
2018-09-19 17:34:31.6820  INFO Request finished in 275.2217ms 304 image/svg+xml
2018-09-19 17:34:31.7257  INFO Request finished in 325.6195ms 304 image/svg+xml
2018-09-19 17:34:31.7779  INFO The file /images/banner2.svg was not modified
2018-09-19 17:34:31.7894  INFO Request finished in 264.4148ms 304 font/woff2
2018-09-19 17:34:31.8111  INFO Request starting HTTP/1.1 GET http://localhost:65315/lib/jquery/dist/jquery.js  
2018-09-19 17:34:31.8436  INFO Request finished in 179.1335ms 304 image/svg+xml
2018-09-19 17:34:31.8584  INFO The file /lib/jquery/dist/jquery.js was not modified
2018-09-19 17:34:31.9078  INFO Request finished in 105.5592ms 304 application/javascript
2018-09-19 17:34:43.7205  INFO Request starting HTTP/1.1 GET http://localhost:65315/Operations  
2018-09-19 17:34:43.7342  INFO Executed action CoreWebApp.Controllers.OperationsController.Index (CoreWebApp) in 1.824ms
2018-09-19 17:34:43.7937  ERROR An unhandled exception has occurred while executing the request
2018-09-19 17:34:43.8588  INFO Request finished in 145.6733ms 500 text/html; charset=utf-8
2018-09-19 17:38:08.5791  INFO Request starting HTTP/1.1 GET http://localhost:65315/  
2018-09-19 17:38:08.5791  INFO Request starting HTTP/1.1 DEBUG http://localhost:65315/  0
2018-09-19 17:38:08.6780  INFO Request finished in 156.9728ms 200 
2018-09-19 17:38:08.9579  INFO Executing action method CoreWebApp.Controllers.HomeController.Index (CoreWebApp) with arguments ((null)) - ModelState is Valid
2018-09-19 17:38:08.9695  INFO info：你访问了首页
2018-09-19 17:38:08.9812  WARN warn：警告信息
2018-09-19 17:38:08.9812  ERROR error：错误信息
2018-09-19 17:38:11.5782  INFO Executing ViewResult, running view at path /Views/Home/Index.cshtml.
2018-09-19 17:38:11.9273  INFO Executed action CoreWebApp.Controllers.HomeController.Index (CoreWebApp) in 3035.73ms
2018-09-19 17:38:11.9397  INFO Request finished in 3418.744ms 200 text/html; charset=utf-8
2018-09-19 17:38:21.6207  INFO Request starting HTTP/1.1 GET http://localhost:65315/OperationService  
2018-09-19 17:38:21.6589  INFO Request finished in 13.428ms 404 
2018-09-19 17:38:28.6082  INFO Request starting HTTP/1.1 GET http://localhost:65315/Operations  
2018-09-19 17:38:28.6333  INFO Executing action method CoreWebApp.Controllers.OperationsController.Index (CoreWebApp) with arguments ((null)) - ModelState is Valid
2018-09-19 17:38:28.6646  INFO OperationsController Transient:00000000-0000-0000-0000-000000000000
2018-09-19 17:38:28.7175  INFO OperationsController Scoped:00000000-0000-0000-0000-000000000000
2018-09-19 17:38:28.7429  INFO OperationsController Singleton:00000000-0000-0000-0000-000000000000
2018-09-19 17:38:28.7727  INFO OperationsController SingletonInstance:00000000-0000-0000-0000-000000000000
2018-09-19 17:38:28.8127  INFO OperationService Transient:00000000-0000-0000-0000-000000000000
2018-09-19 17:38:28.8477  INFO OperationService Scoped:00000000-0000-0000-0000-000000000000
2018-09-19 17:38:28.8559  INFO OperationService Singleton:00000000-0000-0000-0000-000000000000
2018-09-19 17:38:28.8929  INFO OperationService SingletonInstance:00000000-0000-0000-0000-000000000000
2018-09-19 17:38:29.0371  INFO Executing ViewResult, running view at path /Views/Operations/Index.cshtml.
2018-09-19 17:38:29.0371  INFO Executed action CoreWebApp.Controllers.OperationsController.Index (CoreWebApp) in 431.4166ms
2018-09-19 17:38:29.0930  INFO Request finished in 450.9764ms 200 text/html; charset=utf-8
2018-09-19 17:38:59.2529  INFO Request starting HTTP/1.1 GET http://localhost:65315/Operations  
2018-09-19 17:38:59.3065  INFO Executing action method CoreWebApp.Controllers.OperationsController.Index (CoreWebApp) with arguments ((null)) - ModelState is Valid
2018-09-19 17:38:59.3228  INFO OperationsController Transient:00000000-0000-0000-0000-000000000000
2018-09-19 17:38:59.3475  INFO OperationsController Scoped:00000000-0000-0000-0000-000000000000
2018-09-19 17:38:59.3771  INFO OperationsController Singleton:00000000-0000-0000-0000-000000000000
2018-09-19 17:38:59.3850  INFO OperationsController SingletonInstance:00000000-0000-0000-0000-000000000000
2018-09-19 17:38:59.4114  INFO OperationService Transient:00000000-0000-0000-0000-000000000000
2018-09-19 17:38:59.4387  INFO OperationService Scoped:00000000-0000-0000-0000-000000000000
2018-09-19 17:38:59.4638  INFO OperationService Singleton:00000000-0000-0000-0000-000000000000
2018-09-19 17:38:59.5010  INFO OperationService SingletonInstance:00000000-0000-0000-0000-000000000000
2018-09-19 17:38:59.5178  INFO Executing ViewResult, running view at path /Views/Operations/Index.cshtml.
2018-09-19 17:38:59.5518  INFO Executed action CoreWebApp.Controllers.OperationsController.Index (CoreWebApp) in 275.4542ms
2018-09-19 17:38:59.5743  INFO Request finished in 318.4696ms 200 text/html; charset=utf-8
2018-09-19 17:38:59.6150  INFO Request starting HTTP/1.1 GET http://localhost:65315/css/site.css  
2018-09-19 17:38:59.6700  INFO Request starting HTTP/1.1 GET http://localhost:65315/lib/bootstrap/dist/js/bootstrap.js  
2018-09-19 17:38:59.6700  INFO Request starting HTTP/1.1 GET http://localhost:65315/lib/jquery/dist/jquery.js  
2018-09-19 17:38:59.7156  INFO Sending file. Request path: '/lib/bootstrap/dist/js/bootstrap.js'. Physical path: 'G:\CoreWebApp\CoreWebApp\wwwroot\lib\bootstrap\dist\js\bootstrap.js'
2018-09-19 17:38:59.7491  INFO Request starting HTTP/1.1 GET http://localhost:65315/lib/bootstrap/dist/css/bootstrap.css  
2018-09-19 17:38:59.7491  INFO Sending file. Request path: '/lib/jquery/dist/jquery.js'. Physical path: 'G:\CoreWebApp\CoreWebApp\wwwroot\lib\jquery\dist\jquery.js'
2018-09-19 17:38:59.7799  INFO Request starting HTTP/1.1 GET http://localhost:65315/js/site.js?v=ji3-IxbEzYWjzzLCGkF1KDjrT2jLbbrSYXw-AhMPNIA  
2018-09-19 17:38:59.7799  INFO Sending file. Request path: '/lib/bootstrap/dist/css/bootstrap.css'. Physical path: 'G:\CoreWebApp\CoreWebApp\wwwroot\lib\bootstrap\dist\css\bootstrap.css'
2018-09-19 17:38:59.8148  INFO Sending file. Request path: '/css/site.css'. Physical path: 'G:\CoreWebApp\CoreWebApp\wwwroot\css\site.css'
2018-09-19 17:38:59.8316  INFO Request finished in 199.6049ms 200 application/javascript
2018-09-19 17:38:59.8705  INFO Request finished in 231.9639ms 200 text/css
2018-09-19 17:38:59.9631  INFO Request finished in 271.3974ms 200 text/css
2018-09-19 17:38:59.9967  INFO Sending file. Request path: '/js/site.js'. Physical path: 'G:\CoreWebApp\CoreWebApp\wwwroot\js\site.js'
2018-09-19 17:39:00.0123  INFO Request finished in 356.7917ms 200 application/javascript
2018-09-19 17:39:00.0570  INFO Request finished in 278.703ms 200 application/javascript
2018-09-19 17:39:00.0722  INFO Request starting HTTP/1.1 GET http://localhost:65315/favicon.ico  
2018-09-19 17:39:00.0928  INFO Sending file. Request path: '/favicon.ico'. Physical path: 'G:\CoreWebApp\CoreWebApp\wwwroot\favicon.ico'
2018-09-19 17:39:00.1228  INFO Request finished in 53.8691ms 200 image/x-icon
2018-09-19 17:39:30.4336  INFO Request starting HTTP/1.1 GET http://localhost:65315/Operations  
2018-09-19 17:39:30.4529  INFO Executing action method CoreWebApp.Controllers.OperationsController.Index (CoreWebApp) with arguments ((null)) - ModelState is Valid
2018-09-19 17:39:30.4983  INFO OperationsController Transient:00000000-0000-0000-0000-000000000000
2018-09-19 17:39:30.5246  INFO OperationsController Scoped:00000000-0000-0000-0000-000000000000
2018-09-19 17:39:30.5517  INFO OperationsController Singleton:00000000-0000-0000-0000-000000000000
2018-09-19 17:39:30.5679  INFO OperationsController SingletonInstance:00000000-0000-0000-0000-000000000000
2018-09-19 17:39:30.5679  INFO OperationService Transient:00000000-0000-0000-0000-000000000000
2018-09-19 17:39:30.5925  INFO OperationService Scoped:00000000-0000-0000-0000-000000000000
2018-09-19 17:39:30.6006  INFO OperationService Singleton:00000000-0000-0000-0000-000000000000
2018-09-19 17:39:30.6006  INFO OperationService SingletonInstance:00000000-0000-0000-0000-000000000000
2018-09-19 17:39:30.6199  INFO Executing ViewResult, running view at path /Views/Operations/Index.cshtml.
2018-09-19 17:39:30.6451  INFO Executed action CoreWebApp.Controllers.OperationsController.Index (CoreWebApp) in 186.4223ms
2018-09-19 17:39:30.6734  INFO Request finished in 235.2165ms 200 text/html; charset=utf-8
2018-09-19 17:39:30.7192  INFO Request starting HTTP/1.1 GET http://localhost:65315/favicon.ico  
2018-09-19 17:39:30.7431  INFO Sending file. Request path: '/favicon.ico'. Physical path: 'G:\CoreWebApp\CoreWebApp\wwwroot\favicon.ico'
2018-09-19 17:39:30.7431  INFO Request finished in 33.2823ms 200 image/x-icon
2018-09-19 17:39:31.4694  INFO Request starting HTTP/1.1 GET http://localhost:65315/Operations  
2018-09-19 17:39:31.4998  INFO Executing action method CoreWebApp.Controllers.OperationsController.Index (CoreWebApp) with arguments ((null)) - ModelState is Valid
2018-09-19 17:39:31.5487  INFO OperationsController Transient:00000000-0000-0000-0000-000000000000
2018-09-19 17:39:31.5738  INFO OperationsController Scoped:00000000-0000-0000-0000-000000000000
2018-09-19 17:39:31.5852  INFO OperationsController Singleton:00000000-0000-0000-0000-000000000000
2018-09-19 17:39:31.6103  INFO OperationsController SingletonInstance:00000000-0000-0000-0000-000000000000
2018-09-19 17:39:31.6375  INFO OperationService Transient:00000000-0000-0000-0000-000000000000
2018-09-19 17:39:31.6546  INFO OperationService Scoped:00000000-0000-0000-0000-000000000000
2018-09-19 17:39:31.6952  INFO OperationService Singleton:00000000-0000-0000-0000-000000000000
2018-09-19 17:39:31.7215  INFO OperationService SingletonInstance:00000000-0000-0000-0000-000000000000
2018-09-19 17:39:31.7581  INFO Executing ViewResult, running view at path /Views/Operations/Index.cshtml.
2018-09-19 17:39:31.7835  INFO Executed action CoreWebApp.Controllers.OperationsController.Index (CoreWebApp) in 288.8242ms
2018-09-19 17:39:31.8882  INFO Request finished in 328.0918ms 200 text/html; charset=utf-8
2018-09-19 17:39:31.9155  INFO Request starting HTTP/1.1 GET http://localhost:65315/favicon.ico  
2018-09-19 17:39:31.9506  INFO Sending file. Request path: '/favicon.ico'. Physical path: 'G:\CoreWebApp\CoreWebApp\wwwroot\favicon.ico'
2018-09-19 17:39:31.9642  INFO Request finished in 70.4224ms 200 image/x-icon
2018-09-19 17:41:04.2465  INFO Request starting HTTP/1.1 GET http://localhost:65315/Operations  
2018-09-19 17:41:26.8172  INFO Executing action method CoreWebApp.Controllers.OperationsController.Index (CoreWebApp) with arguments ((null)) - ModelState is Valid
2018-09-19 17:41:26.8353  INFO OperationsController Transient:00000000-0000-0000-0000-000000000000
2018-09-19 17:41:26.8859  INFO OperationsController Scoped:00000000-0000-0000-0000-000000000000
2018-09-19 17:41:26.9170  INFO OperationsController Singleton:00000000-0000-0000-0000-000000000000
2018-09-19 17:41:26.9549  INFO OperationsController SingletonInstance:00000000-0000-0000-0000-000000000000
2018-09-19 17:41:26.9840  INFO OperationService Transient:00000000-0000-0000-0000-000000000000
2018-09-19 17:41:27.0002  INFO OperationService Scoped:00000000-0000-0000-0000-000000000000
2018-09-19 17:41:27.0314  INFO OperationService Singleton:00000000-0000-0000-0000-000000000000
2018-09-19 17:41:27.0590  INFO OperationService SingletonInstance:00000000-0000-0000-0000-000000000000
2018-09-19 17:41:27.0849  INFO Executing ViewResult, running view at path /Views/Operations/Index.cshtml.
2018-09-19 17:41:27.1508  INFO Executed action CoreWebApp.Controllers.OperationsController.Index (CoreWebApp) in 22839.3223ms
2018-09-19 17:41:27.1508  INFO Request finished in 22931.5228ms 200 text/html; charset=utf-8
2018-09-19 17:41:27.2869  INFO Request starting HTTP/1.1 GET http://localhost:65315/favicon.ico  
2018-09-19 17:41:27.2942  INFO Sending file. Request path: '/favicon.ico'. Physical path: 'G:\CoreWebApp\CoreWebApp\wwwroot\favicon.ico'
2018-09-19 17:41:27.3311  INFO Request finished in 37.6746ms 200 image/x-icon
