2018-09-20 08:14:46.9413  INFO Request starting HTTP/1.1 GET http://localhost:65315/  
2018-09-20 08:14:46.9413  INFO Request starting HTTP/1.1 DEBUG http://localhost:65315/  0
2018-09-20 08:14:47.0923  INFO Request finished in 229.9356ms 200 
2018-09-20 08:14:47.3684  INFO Executing action method CoreWebApp.Controllers.HomeController.Index (CoreWebApp) with arguments ((null)) - ModelState is Valid
2018-09-20 08:14:47.3959  INFO info：你访问了首页
2018-09-20 08:14:47.4305  WARN warn：警告信息
2018-09-20 08:14:47.4654  ERROR error：错误信息
2018-09-20 08:14:50.0873  INFO Executing ViewResult, running view at path /Views/Home/Index.cshtml.
2018-09-20 08:14:50.4679  INFO Executed action CoreWebApp.Controllers.HomeController.Index (CoreWebApp) in 3199.588ms
2018-09-20 08:14:50.5111  INFO Request finished in 3624.3498ms 200 text/html; charset=utf-8
2018-09-20 08:14:50.5111  INFO Request starting HTTP/1.1 GET http://localhost:65315/images/banner2.svg  
2018-09-20 08:14:50.5608  INFO Request starting HTTP/1.1 GET http://localhost:65315/lib/bootstrap/dist/js/bootstrap.js  
2018-09-20 08:14:50.5844  INFO Request starting HTTP/1.1 GET http://localhost:65315/images/banner1.svg  
2018-09-20 08:14:50.6069  INFO Request starting HTTP/1.1 GET http://localhost:65315/lib/bootstrap/dist/css/bootstrap.css  
2018-09-20 08:14:50.6640  INFO The file /images/banner1.svg was not modified
2018-09-20 08:14:50.6640  INFO The file /lib/bootstrap/dist/css/bootstrap.css was not modified
2018-09-20 08:14:50.6640  INFO The file /lib/bootstrap/dist/js/bootstrap.js was not modified
2018-09-20 08:14:50.7096  INFO Request finished in 182.4794ms 304 text/css
2018-09-20 08:14:50.7096  INFO The file /images/banner2.svg was not modified
2018-09-20 08:14:50.7638  INFO Request finished in 138.4218ms 304 application/javascript
2018-09-20 08:14:50.8113  INFO Request finished in 264.4488ms 304 image/svg+xml
2018-09-20 08:14:50.8310  INFO Request starting HTTP/1.1 GET http://localhost:65315/images/banner4.svg  
2018-09-20 08:14:50.8439  INFO Request finished in 177.5318ms 304 image/svg+xml
2018-09-20 08:14:50.9202  INFO The file /images/banner4.svg was not modified
2018-09-20 08:14:50.9661  INFO Request starting HTTP/1.1 GET http://localhost:65315/js/site.js?v=ji3-IxbEzYWjzzLCGkF1KDjrT2jLbbrSYXw-AhMPNIA  
2018-09-20 08:14:50.9864  INFO Request starting HTTP/1.1 GET http://localhost:65315/css/site.css  
2018-09-20 08:14:50.9864  INFO Request starting HTTP/1.1 GET http://localhost:65315/images/banner3.svg  
2018-09-20 08:14:51.0445  INFO The file /js/site.js was not modified
2018-09-20 08:14:51.0445  INFO Request finished in 105.4886ms 304 image/svg+xml
2018-09-20 08:14:51.1180  INFO Request finished in 120.7097ms 304 application/javascript
2018-09-20 08:14:51.1180  INFO Request starting HTTP/1.1 GET http://localhost:65315/lib/jquery/dist/jquery.js  
2018-09-20 08:14:51.1330  INFO The file /css/site.css was not modified
2018-09-20 08:14:51.1552  INFO The file /images/banner3.svg was not modified
2018-09-20 08:14:51.2071  INFO Request finished in 301.049ms 304 text/css
2018-09-20 08:14:51.2579  INFO Request finished in 259.7903ms 304 image/svg+xml
2018-09-20 08:14:51.1821  INFO The file /lib/jquery/dist/jquery.js was not modified
2018-09-20 08:14:51.2579  INFO Request starting HTTP/1.1 GET http://localhost:65315/lib/bootstrap/dist/fonts/glyphicons-halflings-regular.woff2  
2018-09-20 08:14:51.3132  INFO Request finished in 162.6036ms 304 application/javascript
2018-09-20 08:14:51.3390  INFO The file /lib/bootstrap/dist/fonts/glyphicons-halflings-regular.woff2 was not modified
2018-09-20 08:14:51.3533  INFO Request finished in 110.0232ms 304 font/woff2
2018-09-20 08:15:04.1409  INFO Request starting HTTP/1.1 GET http://localhost:65315/Operations  
2018-09-20 08:15:04.1692  INFO Executing action method CoreWebApp.Controllers.OperationsController.Index (CoreWebApp) with arguments ((null)) - ModelState is Valid
2018-09-20 08:15:04.2208  INFO OperationsController Transient:2142af62-f8e9-4780-83e9-b1532928a47e
2018-09-20 08:15:04.2286  INFO OperationsController Scoped:056fede9-bcd6-433c-a1d2-fd0ba513f47f
2018-09-20 08:15:04.2558  INFO OperationsController Singleton:4c3799a6-539c-4bc5-a02b-8a4d2e8e5cce
2018-09-20 08:15:04.2911  INFO OperationsController SingletonInstance:00000000-0000-0000-0000-000000000000
2018-09-20 08:15:04.3219  INFO OperationService Transient:056fede9-bcd6-433c-a1d2-fd0ba513f47f
2018-09-20 08:15:04.3695  INFO OperationService Scoped:2142af62-f8e9-4780-83e9-b1532928a47e
2018-09-20 08:15:04.3695  INFO OperationService Singleton:4c3799a6-539c-4bc5-a02b-8a4d2e8e5cce
2018-09-20 08:15:04.4037  INFO OperationService SingletonInstance:00000000-0000-0000-0000-000000000000
2018-09-20 08:15:04.5334  INFO Executing ViewResult, running view at path /Views/Operations/Index.cshtml.
2018-09-20 08:15:04.5469  INFO Executed action CoreWebApp.Controllers.OperationsController.Index (CoreWebApp) in 394.1141ms
2018-09-20 08:15:04.5752  INFO Request finished in 443.0398ms 200 text/html; charset=utf-8
2018-09-20 08:15:21.1358  INFO Request starting HTTP/1.1 GET http://localhost:65315/Operations  
2018-09-20 08:15:21.1774  INFO Executing action method CoreWebApp.Controllers.OperationsController.Index (CoreWebApp) with arguments ((null)) - ModelState is Valid
2018-09-20 08:15:21.2126  INFO OperationsController Transient:8f50ee58-ae71-4838-a431-55f802231395
2018-09-20 08:15:21.2126  INFO OperationsController Scoped:e5030b21-81db-45a6-aa07-435af4c4acee
2018-09-20 08:15:21.2529  INFO OperationsController Singleton:4c3799a6-539c-4bc5-a02b-8a4d2e8e5cce
2018-09-20 08:15:21.2784  INFO OperationsController SingletonInstance:00000000-0000-0000-0000-000000000000
2018-09-20 08:15:21.3042  INFO OperationService Transient:e5030b21-81db-45a6-aa07-435af4c4acee
2018-09-20 08:15:21.3384  INFO OperationService Scoped:8f50ee58-ae71-4838-a431-55f802231395
2018-09-20 08:15:21.3741  INFO OperationService Singleton:4c3799a6-539c-4bc5-a02b-8a4d2e8e5cce
2018-09-20 08:15:21.4025  INFO OperationService SingletonInstance:00000000-0000-0000-0000-000000000000
2018-09-20 08:15:21.4661  INFO Executing ViewResult, running view at path /Views/Operations/Index.cshtml.
2018-09-20 08:15:21.4955  INFO Executed action CoreWebApp.Controllers.OperationsController.Index (CoreWebApp) in 341.1754ms
2018-09-20 08:15:21.5103  INFO Request finished in 372.7037ms 200 text/html; charset=utf-8
2018-09-20 08:17:31.5998  INFO Request starting HTTP/1.1 GET http://localhost:65315/  
2018-09-20 08:17:31.5998  INFO Request starting HTTP/1.1 DEBUG http://localhost:65315/  0
2018-09-20 08:17:31.6947  INFO Request finished in 170.4692ms 200 
2018-09-20 08:17:31.9014  INFO Executing action method CoreWebApp.Controllers.HomeController.Index (CoreWebApp) with arguments ((null)) - ModelState is Valid
2018-09-20 08:17:31.9121  INFO info：你访问了首页
2018-09-20 08:17:31.9505  WARN warn：警告信息
2018-09-20 08:17:31.9505  ERROR error：错误信息
2018-09-20 08:17:34.1968  INFO Executing ViewResult, running view at path /Views/Home/Index.cshtml.
2018-09-20 08:17:34.5200  INFO Executed action CoreWebApp.Controllers.HomeController.Index (CoreWebApp) in 2661.2596ms
2018-09-20 08:17:34.5380  INFO Request finished in 3007.7789ms 200 text/html; charset=utf-8
2018-09-20 08:17:38.9561  INFO Request starting HTTP/1.1 GET http://localhost:65315/Operations  
2018-09-20 08:17:39.0092  INFO Executing action method CoreWebApp.Controllers.OperationsController.Index (CoreWebApp) with arguments ((null)) - ModelState is Valid
2018-09-20 08:17:39.0566  INFO OperationsController Transient:97c171f4-2266-4757-bbe6-48dd79b82fc8
2018-09-20 08:17:39.1005  INFO OperationsController Scoped:035c7d99-82c0-4175-80b3-92f39cfbbb17
2018-09-20 08:17:39.1273  INFO OperationsController Singleton:0b96af3b-8418-4769-aa8e-440e1ed0608d
2018-09-20 08:17:39.1534  INFO OperationsController SingletonInstance:924efc49-fb1d-4c16-bf2d-ffe564a10ed3
2018-09-20 08:17:39.1827  INFO OperationService Transient:035c7d99-82c0-4175-80b3-92f39cfbbb17
2018-09-20 08:17:39.1970  INFO OperationService Scoped:97c171f4-2266-4757-bbe6-48dd79b82fc8
2018-09-20 08:17:39.1970  INFO OperationService Singleton:0b96af3b-8418-4769-aa8e-440e1ed0608d
2018-09-20 08:17:39.2159  INFO OperationService SingletonInstance:924efc49-fb1d-4c16-bf2d-ffe564a10ed3
2018-09-20 08:17:39.3361  INFO Executing ViewResult, running view at path /Views/Operations/Index.cshtml.
2018-09-20 08:17:39.3678  INFO Executed action CoreWebApp.Controllers.OperationsController.Index (CoreWebApp) in 380.8107ms
2018-09-20 08:17:39.3803  INFO Request finished in 428.1915ms 200 text/html; charset=utf-8
2018-09-20 08:17:43.6318  INFO Request starting HTTP/1.1 GET http://localhost:65315/Operations  
2018-09-20 08:17:43.6549  INFO Executing action method CoreWebApp.Controllers.OperationsController.Index (CoreWebApp) with arguments ((null)) - ModelState is Valid
2018-09-20 08:17:43.6881  INFO OperationsController Transient:e327335a-ee86-4e24-9926-926014bd7588
2018-09-20 08:17:43.7153  INFO OperationsController Scoped:18b0179c-368d-4b69-978f-51845b224cd0
2018-09-20 08:17:43.7468  INFO OperationsController Singleton:0b96af3b-8418-4769-aa8e-440e1ed0608d
2018-09-20 08:17:43.7728  INFO OperationsController SingletonInstance:924efc49-fb1d-4c16-bf2d-ffe564a10ed3
2018-09-20 08:17:43.7989  INFO OperationService Transient:18b0179c-368d-4b69-978f-51845b224cd0
2018-09-20 08:17:43.8241  INFO OperationService Scoped:e327335a-ee86-4e24-9926-926014bd7588
2018-09-20 08:17:43.8544  INFO OperationService Singleton:0b96af3b-8418-4769-aa8e-440e1ed0608d
2018-09-20 08:17:43.8924  INFO OperationService SingletonInstance:924efc49-fb1d-4c16-bf2d-ffe564a10ed3
2018-09-20 08:17:43.9329  INFO Executing ViewResult, running view at path /Views/Operations/Index.cshtml.
2018-09-20 08:17:43.9447  INFO Executed action CoreWebApp.Controllers.OperationsController.Index (CoreWebApp) in 305.2422ms
2018-09-20 08:17:43.9718  INFO Request finished in 321.2078ms 200 text/html; charset=utf-8
2018-09-20 08:20:58.9388  INFO Request starting HTTP/1.1 DEBUG http://localhost:65315/  0
2018-09-20 08:20:58.9388  INFO Request starting HTTP/1.1 GET http://localhost:65315/  
2018-09-20 08:20:59.0181  INFO Request finished in 167.7727ms 200 
2018-09-20 08:20:59.2094  INFO Executing action method CoreWebApp.Controllers.HomeController.Index (CoreWebApp) with arguments ((null)) - ModelState is Valid
2018-09-20 08:20:59.2094  INFO info：你访问了首页
2018-09-20 08:20:59.2475  WARN warn：警告信息
2018-09-20 08:20:59.2740  ERROR error：错误信息
2018-09-20 08:21:01.4142  INFO Executing ViewResult, running view at path /Views/Home/Index.cshtml.
2018-09-20 08:21:01.7232  INFO Executed action CoreWebApp.Controllers.HomeController.Index (CoreWebApp) in 2561.296ms
2018-09-20 08:21:01.7340  INFO Request finished in 2885.0987ms 200 text/html; charset=utf-8
2018-09-20 08:21:53.3556  INFO Request starting HTTP/1.1 GET http://localhost:65315/Operations  
2018-09-20 08:21:53.7305  INFO Executing action method CoreWebApp.Controllers.OperationsController.Index (CoreWebApp) with arguments ((null)) - ModelState is Valid
2018-09-20 08:21:53.7613  INFO OperationsController Transient:797ed74e-c1e7-4654-b804-e7b9359c3ff9
2018-09-20 08:21:53.7889  INFO OperationsController Scoped:2994a399-e824-4f97-b814-ca0496317037
2018-09-20 08:21:53.8344  INFO OperationsController Singleton:e9eb4c2d-8cba-430b-aa3b-77744cbfa200
2018-09-20 08:21:53.8891  INFO OperationsController SingletonInstance:00a31450-ebaa-4e34-91d5-ecf72b5a46c7
2018-09-20 08:21:53.9159  INFO OperationService Transient:69f218f1-5571-411a-ac51-19264a748656
2018-09-20 08:21:53.9351  INFO OperationService Scoped:2994a399-e824-4f97-b814-ca0496317037
2018-09-20 08:21:53.9668  INFO OperationService Singleton:e9eb4c2d-8cba-430b-aa3b-77744cbfa200
2018-09-20 08:21:53.9931  INFO OperationService SingletonInstance:00a31450-ebaa-4e34-91d5-ecf72b5a46c7
2018-09-20 08:21:54.1346  INFO Executing ViewResult, running view at path /Views/Operations/Index.cshtml.
2018-09-20 08:21:54.1551  INFO Executed action CoreWebApp.Controllers.OperationsController.Index (CoreWebApp) in 429.11ms
2018-09-20 08:21:54.1830  INFO Request finished in 827.0737ms 200 text/html; charset=utf-8
2018-09-20 08:22:01.2296  INFO Request starting HTTP/1.1 GET http://localhost:65315/Operations  
2018-09-20 08:22:01.2715  INFO Executing action method CoreWebApp.Controllers.OperationsController.Index (CoreWebApp) with arguments ((null)) - ModelState is Valid
2018-09-20 08:22:01.2979  INFO OperationsController Transient:377ff525-de12-4b62-849d-2dcd86228e85
2018-09-20 08:22:01.3418  INFO OperationsController Scoped:a84479ea-9d1f-41ee-8639-cd0481f81614
2018-09-20 08:22:01.3863  INFO OperationsController Singleton:e9eb4c2d-8cba-430b-aa3b-77744cbfa200
2018-09-20 08:22:01.4214  INFO OperationsController SingletonInstance:00a31450-ebaa-4e34-91d5-ecf72b5a46c7
2018-09-20 08:22:01.4289  INFO OperationService Transient:a095e5e9-cf4c-439a-be7b-56373e0a6b8f
2018-09-20 08:22:01.4823  INFO OperationService Scoped:a84479ea-9d1f-41ee-8639-cd0481f81614
2018-09-20 08:22:01.5089  INFO OperationService Singleton:e9eb4c2d-8cba-430b-aa3b-77744cbfa200
2018-09-20 08:22:01.5363  INFO OperationService SingletonInstance:00a31450-ebaa-4e34-91d5-ecf72b5a46c7
2018-09-20 08:22:01.5713  INFO Executing ViewResult, running view at path /Views/Operations/Index.cshtml.
2018-09-20 08:22:01.6058  INFO Executed action CoreWebApp.Controllers.OperationsController.Index (CoreWebApp) in 348.6895ms
2018-09-20 08:22:01.6058  INFO Request finished in 383.071ms 200 text/html; charset=utf-8
2018-09-20 08:25:31.3483  INFO Request starting HTTP/1.1 GET http://localhost:65315/Operations  
2018-09-20 08:25:31.7944  INFO Executing action method CoreWebApp.Controllers.OperationsController.Index (CoreWebApp) with arguments ((null)) - ModelState is Valid
2018-09-20 08:25:31.8093  INFO OperationsController Transient:0e8d7f96-b3ac-42aa-a5c6-d172a3ddeb31
2018-09-20 08:25:31.8297  INFO OperationsController Scoped:75c7e636-11cc-4486-ad06-b38f4446ee07
2018-09-20 08:25:31.8818  INFO OperationsController Singleton:e9eb4c2d-8cba-430b-aa3b-77744cbfa200
2018-09-20 08:25:31.9122  INFO OperationsController SingletonInstance:00a31450-ebaa-4e34-91d5-ecf72b5a46c7
2018-09-20 08:25:31.9122  INFO OperationService Transient:6a6f9c8f-60e6-494d-93df-cec4c09e9d31
2018-09-20 08:25:31.9560  INFO OperationService Scoped:75c7e636-11cc-4486-ad06-b38f4446ee07
2018-09-20 08:25:31.9828  INFO OperationService Singleton:e9eb4c2d-8cba-430b-aa3b-77744cbfa200
2018-09-20 08:25:32.0036  INFO OperationService SingletonInstance:00a31450-ebaa-4e34-91d5-ecf72b5a46c7
2018-09-20 08:25:32.0465  INFO Executing ViewResult, running view at path /Views/Operations/Index.cshtml.
2018-09-20 08:25:32.0624  INFO Executed action CoreWebApp.Controllers.OperationsController.Index (CoreWebApp) in 290.9745ms
2018-09-20 08:25:32.0747  INFO Request finished in 725.8115ms 200 text/html; charset=utf-8
