2018-09-20 08:20:59.2094  INFO info：你访问了首页
2018-09-20 08:20:59.2475  WARN warn：警告信息
2018-09-20 08:20:59.2740  ERROR error：错误信息
2018-09-20 08:21:53.7613  INFO OperationsController Transient:797ed74e-c1e7-4654-b804-e7b9359c3ff9
2018-09-20 08:21:53.7889  INFO OperationsController Scoped:2994a399-e824-4f97-b814-ca0496317037
2018-09-20 08:21:53.8344  INFO OperationsController Singleton:e9eb4c2d-8cba-430b-aa3b-77744cbfa200
2018-09-20 08:21:53.8891  INFO OperationsController SingletonInstance:00a31450-ebaa-4e34-91d5-ecf72b5a46c7
2018-09-20 08:21:53.9159  INFO OperationService Transient:69f218f1-5571-411a-ac51-19264a748656
2018-09-20 08:21:53.9351  INFO OperationService Scoped:2994a399-e824-4f97-b814-ca0496317037
2018-09-20 08:21:53.9668  INFO OperationService Singleton:e9eb4c2d-8cba-430b-aa3b-77744cbfa200
2018-09-20 08:21:53.9931  INFO OperationService SingletonInstance:00a31450-ebaa-4e34-91d5-ecf72b5a46c7
2018-09-20 08:22:01.2979  INFO OperationsController Transient:377ff525-de12-4b62-849d-2dcd86228e85
2018-09-20 08:22:01.3418  INFO OperationsController Scoped:a84479ea-9d1f-41ee-8639-cd0481f81614
2018-09-20 08:22:01.3863  INFO OperationsController Singleton:e9eb4c2d-8cba-430b-aa3b-77744cbfa200
2018-09-20 08:22:01.4214  INFO OperationsController SingletonInstance:00a31450-ebaa-4e34-91d5-ecf72b5a46c7
2018-09-20 08:22:01.4289  INFO OperationService Transient:a095e5e9-cf4c-439a-be7b-56373e0a6b8f
2018-09-20 08:22:01.4823  INFO OperationService Scoped:a84479ea-9d1f-41ee-8639-cd0481f81614
2018-09-20 08:22:01.5089  INFO OperationService Singleton:e9eb4c2d-8cba-430b-aa3b-77744cbfa200
2018-09-20 08:22:01.5363  INFO OperationService SingletonInstance:00a31450-ebaa-4e34-91d5-ecf72b5a46c7
2018-09-20 08:25:31.8093  INFO OperationsController Transient:0e8d7f96-b3ac-42aa-a5c6-d172a3ddeb31
2018-09-20 08:25:31.8297  INFO OperationsController Scoped:75c7e636-11cc-4486-ad06-b38f4446ee07
2018-09-20 08:25:31.8818  INFO OperationsController Singleton:e9eb4c2d-8cba-430b-aa3b-77744cbfa200
2018-09-20 08:25:31.9122  INFO OperationsController SingletonInstance:00a31450-ebaa-4e34-91d5-ecf72b5a46c7
2018-09-20 08:25:31.9122  INFO OperationService Transient:6a6f9c8f-60e6-494d-93df-cec4c09e9d31
2018-09-20 08:25:31.9560  INFO OperationService Scoped:75c7e636-11cc-4486-ad06-b38f4446ee07
2018-09-20 08:25:31.9828  INFO OperationService Singleton:e9eb4c2d-8cba-430b-aa3b-77744cbfa200
2018-09-20 08:25:32.0036  INFO OperationService SingletonInstance:00a31450-ebaa-4e34-91d5-ecf72b5a46c7
