2018-09-19 17:34:26.9544  INFO info：你访问了首页
2018-09-19 17:34:27.0163  WARN warn：警告信息
2018-09-19 17:34:27.0527  ERROR error：错误信息
2018-09-19 17:38:08.9695  INFO info：你访问了首页
2018-09-19 17:38:08.9812  WARN warn：警告信息
2018-09-19 17:38:08.9812  ERROR error：错误信息
2018-09-19 17:38:28.6646  INFO OperationsController Transient:00000000-0000-0000-0000-000000000000
2018-09-19 17:38:28.7175  INFO OperationsController Scoped:00000000-0000-0000-0000-000000000000
2018-09-19 17:38:28.7429  INFO OperationsController Singleton:00000000-0000-0000-0000-000000000000
2018-09-19 17:38:28.7727  INFO OperationsController SingletonInstance:00000000-0000-0000-0000-000000000000
2018-09-19 17:38:28.8127  INFO OperationService Transient:00000000-0000-0000-0000-000000000000
2018-09-19 17:38:28.8477  INFO OperationService Scoped:00000000-0000-0000-0000-000000000000
2018-09-19 17:38:28.8559  INFO OperationService Singleton:00000000-0000-0000-0000-000000000000
2018-09-19 17:38:28.8929  INFO OperationService SingletonInstance:00000000-0000-0000-0000-000000000000
2018-09-19 17:38:59.3228  INFO OperationsController Transient:00000000-0000-0000-0000-000000000000
2018-09-19 17:38:59.3475  INFO OperationsController Scoped:00000000-0000-0000-0000-000000000000
2018-09-19 17:38:59.3771  INFO OperationsController Singleton:00000000-0000-0000-0000-000000000000
2018-09-19 17:38:59.3850  INFO OperationsController SingletonInstance:00000000-0000-0000-0000-000000000000
2018-09-19 17:38:59.4114  INFO OperationService Transient:00000000-0000-0000-0000-000000000000
2018-09-19 17:38:59.4387  INFO OperationService Scoped:00000000-0000-0000-0000-000000000000
2018-09-19 17:38:59.4638  INFO OperationService Singleton:00000000-0000-0000-0000-000000000000
2018-09-19 17:38:59.5010  INFO OperationService SingletonInstance:00000000-0000-0000-0000-000000000000
2018-09-19 17:39:30.4983  INFO OperationsController Transient:00000000-0000-0000-0000-000000000000
2018-09-19 17:39:30.5246  INFO OperationsController Scoped:00000000-0000-0000-0000-000000000000
2018-09-19 17:39:30.5517  INFO OperationsController Singleton:00000000-0000-0000-0000-000000000000
2018-09-19 17:39:30.5679  INFO OperationsController SingletonInstance:00000000-0000-0000-0000-000000000000
2018-09-19 17:39:30.5679  INFO OperationService Transient:00000000-0000-0000-0000-000000000000
2018-09-19 17:39:30.5925  INFO OperationService Scoped:00000000-0000-0000-0000-000000000000
2018-09-19 17:39:30.6006  INFO OperationService Singleton:00000000-0000-0000-0000-000000000000
2018-09-19 17:39:30.6006  INFO OperationService SingletonInstance:00000000-0000-0000-0000-000000000000
2018-09-19 17:39:31.5487  INFO OperationsController Transient:00000000-0000-0000-0000-000000000000
2018-09-19 17:39:31.5738  INFO OperationsController Scoped:00000000-0000-0000-0000-000000000000
2018-09-19 17:39:31.5852  INFO OperationsController Singleton:00000000-0000-0000-0000-000000000000
2018-09-19 17:39:31.6103  INFO OperationsController SingletonInstance:00000000-0000-0000-0000-000000000000
2018-09-19 17:39:31.6375  INFO OperationService Transient:00000000-0000-0000-0000-000000000000
2018-09-19 17:39:31.6546  INFO OperationService Scoped:00000000-0000-0000-0000-000000000000
2018-09-19 17:39:31.6952  INFO OperationService Singleton:00000000-0000-0000-0000-000000000000
2018-09-19 17:39:31.7215  INFO OperationService SingletonInstance:00000000-0000-0000-0000-000000000000
2018-09-19 17:41:26.8353  INFO OperationsController Transient:00000000-0000-0000-0000-000000000000
2018-09-19 17:41:26.8859  INFO OperationsController Scoped:00000000-0000-0000-0000-000000000000
2018-09-19 17:41:26.9170  INFO OperationsController Singleton:00000000-0000-0000-0000-000000000000
2018-09-19 17:41:26.9549  INFO OperationsController SingletonInstance:00000000-0000-0000-0000-000000000000
2018-09-19 17:41:26.9840  INFO OperationService Transient:00000000-0000-0000-0000-000000000000
2018-09-19 17:41:27.0002  INFO OperationService Scoped:00000000-0000-0000-0000-000000000000
2018-09-19 17:41:27.0314  INFO OperationService Singleton:00000000-0000-0000-0000-000000000000
2018-09-19 17:41:27.0590  INFO OperationService SingletonInstance:00000000-0000-0000-0000-000000000000
